0 info it worked if it ends with ok
1 verbose cli [ '/usr/local/Cellar/node/5.5.0/bin/node',
1 verbose cli   '/usr/local/bin/npm',
1 verbose cli   'run',
1 verbose cli   'changelog' ]
2 info using npm@3.5.3
3 info using node@v5.5.0
4 verbose config Skipping project config: /Users/yuyuxuan/.npmrc. (matches userconfig)
5 verbose run-script [ 'prechangelog', 'changelog', 'postchangelog' ]
6 info lifecycle yuyuxuan@1.0.0~prechangelog: yuyuxuan@1.0.0
7 silly lifecycle yuyuxuan@1.0.0~prechangelog: no script for prechangelog, continuing
8 info lifecycle yuyuxuan@1.0.0~changelog: yuyuxuan@1.0.0
9 verbose lifecycle yuyuxuan@1.0.0~changelog: unsafe-perm in lifecycle true
10 verbose lifecycle yuyuxuan@1.0.0~changelog: PATH: /usr/local/lib/node_modules/npm/bin/node-gyp-bin:/Users/yuyuxuan/node_modules/.bin:/usr/local/sbin:/Users/yuyuxuan/.bin/YY_script:/Users/yuyuxuan/bin:/usr/local/bin:/opt/local/bin:/opt/local/sbin:/usr/local/bin:/usr/bin:/bin:/usr/sbin:/sbin:/opt/X11/bin:/Library/TeX/texbin
11 verbose lifecycle yuyuxuan@1.0.0~changelog: CWD: /Users/yuyuxuan
12 silly lifecycle yuyuxuan@1.0.0~changelog: Args: [ '-c',
12 silly lifecycle   'conventional-changelog -p angular -i CHANGELOG.md -w -r 0' ]
13 silly lifecycle yuyuxuan@1.0.0~changelog: Returned: code: 1  signal: null
14 info lifecycle yuyuxuan@1.0.0~changelog: Failed to exec changelog script
15 verbose stack Error: yuyuxuan@1.0.0 changelog: `conventional-changelog -p angular -i CHANGELOG.md -w -r 0`
15 verbose stack Exit status 1
15 verbose stack     at EventEmitter.<anonymous> (/usr/local/lib/node_modules/npm/lib/utils/lifecycle.js:232:16)
15 verbose stack     at emitTwo (events.js:100:13)
15 verbose stack     at EventEmitter.emit (events.js:185:7)
15 verbose stack     at ChildProcess.<anonymous> (/usr/local/lib/node_modules/npm/lib/utils/spawn.js:24:14)
15 verbose stack     at emitTwo (events.js:100:13)
15 verbose stack     at ChildProcess.emit (events.js:185:7)
15 verbose stack     at maybeClose (internal/child_process.js:821:16)
15 verbose stack     at Process.ChildProcess._handle.onexit (internal/child_process.js:211:5)
16 verbose pkgid yuyuxuan@1.0.0
17 verbose cwd /Users/yuyuxuan/.bin/YY_script/program_git/capture_data_yeeaoo
18 error Darwin 15.3.0
19 error argv "/usr/local/Cellar/node/5.5.0/bin/node" "/usr/local/bin/npm" "run" "changelog"
20 error node v5.5.0
21 error npm  v3.5.3
22 error code ELIFECYCLE
23 error yuyuxuan@1.0.0 changelog: `conventional-changelog -p angular -i CHANGELOG.md -w -r 0`
23 error Exit status 1
24 error Failed at the yuyuxuan@1.0.0 changelog script 'conventional-changelog -p angular -i CHANGELOG.md -w -r 0'.
24 error Make sure you have the latest version of node.js and npm installed.
24 error If you do, this is most likely a problem with the yuyuxuan package,
24 error not with npm itself.
24 error Tell the author that this fails on your system:
24 error     conventional-changelog -p angular -i CHANGELOG.md -w -r 0
24 error You can get information on how to open an issue for this project with:
24 error     npm bugs yuyuxuan
24 error Or if that isn't available, you can get their info via:
24 error     npm owner ls yuyuxuan
24 error There is likely additional logging output above.
25 verbose exit [ 1, true ]
